= Host-specific information ====================================================
$> hostname; uname -msr
e4r12p3.21-school.ru
Darwin 16.7.0 x86_64
$> date
Mon Mar 18 14:46:18 MSK 2019
$> gcc --version
Configured with: --prefix=/Applications/Xcode.app/Contents/Developer/usr --with-gxx-include-dir=/usr/include/c++/4.2.1
Apple LLVM version 9.0.0 (clang-900.0.38)
Target: x86_64-apple-darwin16.7.0
Thread model: posix
InstalledDir: /Applications/Xcode.app/Contents/Developer/Toolchains/XcodeDefault.xctoolchain/usr/bin
$> clang --version
Apple LLVM version 9.0.0 (clang-900.0.38)
Target: x86_64-apple-darwin16.7.0
Thread model: posix
InstalledDir: /Applications/Xcode.app/Contents/Developer/Toolchains/XcodeDefault.xctoolchain/usr/bin

= User files collection ========================================================
Collecting user files from Vogsphere
Repository URL: auto-exam/2019/c-exam-alone-in-the-dark-beginner/practice-exam_20190318/hstiv

= Git history ==================================================================
$> git -C /var/folders/9y/l5nkgwpx5h9d1ztjdv5ckf2c0000gq/T/tmpvt4ZO8/user log --pretty='%H - %an, %ad : %s'
38ee3ef25abd5346c96158f0cab8c95f59f76115 - Hallie Stiv, Mon Mar 18 14:46:07 2019 +0300 : wrtht
 
= Collected files ==========================================
$> ls -lAR /var/folders/9y/l5nkgwpx5h9d1ztjdv5ckf2c0000gq/T/tmpvt4ZO8/user
total 8
-rw-r--r--  1 deepthought  deepthought  239 Mar 18 14:46 __GIT_HISTORY
drwxr-xr-x  3 deepthought  deepthought  102 Mar 18 14:46 hello

/var/folders/9y/l5nkgwpx5h9d1ztjdv5ckf2c0000gq/T/tmpvt4ZO8/user/hello:
total 8
-rw-r--r--  1 deepthought  deepthought  1145 Mar 18 14:46 hello.c
 
= hello ========================================================================
$> gcc -Wextra -Wall -Werror hello.c -o user_exe 

= Test 1 ===================================================
$> ./m06i9lqo0jjz5htfxcolyi1h test1.prm
$> diff -U 3 user_output_test1 test1.output | cat -e

Diff OK :D
Grade: 1

= Final grade: 1 ===============================================================
