= Host-specific information ====================================================
$> hostname; uname -msr
e5r8p6.21-school.ru
Darwin 16.7.0 x86_64
$> date
Mon Mar 18 15:09:22 MSK 2019
$> gcc --version
Configured with: --prefix=/Applications/Xcode.app/Contents/Developer/usr --with-gxx-include-dir=/usr/include/c++/4.2.1
Apple LLVM version 9.0.0 (clang-900.0.38)
Target: x86_64-apple-darwin16.7.0
Thread model: posix
InstalledDir: /Applications/Xcode.app/Contents/Developer/Toolchains/XcodeDefault.xctoolchain/usr/bin
$> clang --version
Apple LLVM version 9.0.0 (clang-900.0.38)
Target: x86_64-apple-darwin16.7.0
Thread model: posix
InstalledDir: /Applications/Xcode.app/Contents/Developer/Toolchains/XcodeDefault.xctoolchain/usr/bin

= User files collection ========================================================
Collecting user files from Vogsphere
Repository URL: auto-exam/2019/c-exam-alone-in-the-dark-beginner/practice-exam_20190318/hstiv

= Git history ==================================================================
$> git -C /var/folders/zz/50nchh093gl8k_xcrtkz16n80000gq/T/tmpFQG3_w/user log --pretty='%H - %an, %ad : %s'
216d8f82243e5eca72b96de541c56435859a75b2 - Hallie Stiv, Mon Mar 18 15:07:38 2019 +0300 : wet
38ee3ef25abd5346c96158f0cab8c95f59f76115 - Hallie Stiv, Mon Mar 18 14:46:07 2019 +0300 : wrtht
 
= Collected files ==========================================
$> ls -lAR /var/folders/zz/50nchh093gl8k_xcrtkz16n80000gq/T/tmpFQG3_w/user
total 8
-rw-r--r--  1 deepthought  deepthought  499 Mar 18 15:09 __GIT_HISTORY
drwxr-xr-x  3 deepthought  deepthought  102 Mar 18 15:09 hello
drwxr-xr-x  3 deepthought  deepthought  102 Mar 18 15:09 repeat_alpha

/var/folders/zz/50nchh093gl8k_xcrtkz16n80000gq/T/tmpFQG3_w/user/hello:
total 8
-rw-r--r--  1 deepthought  deepthought  1145 Mar 18 15:09 hello.c

/var/folders/zz/50nchh093gl8k_xcrtkz16n80000gq/T/tmpFQG3_w/user/repeat_alpha:
total 8
-rw-r--r--  1 deepthought  deepthought  1433 Mar 18 15:09 repeat_alpha.c
 
= repeat_alpha =================================================================
$> gcc -Wextra -Wall -Werror repeat_alpha.c -o user_exe 

= Test 1 ===================================================
$> ./t1w4zrz34z6bdhq22hh0to9s 
$> diff -U 3 user_output_test1 test1.output | cat -e

Diff OK :D
= Test 2 ===================================================
$> ./xuwhh8358jlq8v4xwu1dfhqn 
$> diff -U 3 user_output_test2 test2.output | cat -e

Diff OK :D
= Test 3 ===================================================
$> ./hsxjaexdra2wdfud6rbwtadw "salut" "a" "tous" "tout" "le" "monde"
$> diff -U 3 user_output_test3 test3.output | cat -e

Diff OK :D
= Test 4 ===================================================
$> ./1u2hvtyi1qb3prfpyaekem5g "KqWiClH"
$> diff -U 3 user_output_test4 test4.output | cat -e

Diff OK :D
= Test 5 ===================================================
$> ./8u7ehe87jjz80pu9gkgjn48x "Q5pZFkdRvsTi"
$> diff -U 3 user_output_test5 test5.output | cat -e

Diff OK :D
= Test 6 ===================================================
$> ./om5vqem8ylh9l7nuhofop1xh "s9JnxeLQ3pX01Gv"
$> diff -U 3 user_output_test6 test6.output | cat -e

Diff OK :D
= Test 7 ===================================================
$> ./2r3hbywreyzh03moksfgnabm "0a4TVbnhY186KJm wOLN76b bvt K9ycJYGw4S6DhWQv eZkYzmL08lfgaHM 0ZmoQnCM4f 4dV xnUw d7SFC4sEHx i26pAMWO x3oqFcOm 6xQGdI9tB7eu 7AmhniU"
$> diff -U 3 user_output_test7 test7.output | cat -e

Diff OK :D
= Test 8 ===================================================
$> ./s4gnhirs5ylpnle1pl4asysq "g7X RUnsctWXPkTNe4YVz 5sJDb KFgsEU K6IOfs3"
$> diff -U 3 user_output_test8 test8.output | cat -e

Diff OK :D
= Test 9 ===================================================
$> ./3dr38yzk761r4q11aoh1ish6 "0YjzVD6ECwxyNZ 3HtRr0YvAjBXM8ni iH1uwdKoDEmY 7XgKtR YeqkoQS1jl26"
$> diff -U 3 user_output_test9 test9.output | cat -e

Diff OK :D
= Test 10 ==================================================
$> ./qb87p03bmdwx3r2o976kyvpa "3IJjd38iT	,Q7U41w87f1d5TvNmFE 	1gX19B7I2vC2"
$> diff -U 3 user_output_test10 test10.output | cat -e

Diff OK :D
= Test 11 ==================================================
$> ./antz1np5alp1wth0dsgbhjry "*lqM	FL5hogEqR	8x4qDZpMJCR33SUXGYxMPAKuV+"
$> diff -U 3 user_output_test11 test11.output | cat -e

Diff OK :D
= Test 12 ==================================================
$> ./zw2bvjcw4u7epcw9yamlbplt " 	1tWNRBcOoAx 2bfEjJpHtmy8q6siBP8GYU0g5SE)ALzqVIGt 	<IkPdJYiVw3yj3mqbEBX	4"
$> diff -U 3 user_output_test12 test12.output | cat -e

Diff OK :D
= Test 13 ==================================================
$> ./v93b6zsghih2n3u707kfhgtc "+ep8TFQX5YAZCUs7x36eVqRSIrla	 	Ps3d1WDgiI6EQesHCuOYDfpd	 MTs41Z8U:M92c/"
$> diff -U 3 user_output_test13 test13.output | cat -e

Diff OK :D
= Test 14 ==================================================
$> ./wpyp8eadj00hhrvt2vz99o0e " 5ezW6d4l1AQSc,G8lY1mbxwTeS9MtPf5C<8lPxyOp6W/"
$> diff -U 3 user_output_test14 test14.output | cat -e

Diff OK :D
= Test 15 ==================================================
$> ./lqa7mdb6yqouaqnhfbd6gmw7 " 9EdeBQ8W	zTQlo0sUZ7i8w4F-rhLsA1nJ8a9MbX6E	9"
$> diff -U 3 user_output_test15 test15.output | cat -e

Diff OK :D
= Test 16 ==================================================
$> ./j0fwjobceluscby4oghyrxzm "	 *bR8  4mnVhzTGEa0QUKWtqS)n7is4AybfluOqXHaC+pT18:blZsa9kwBS		@U1XQhtAYicRzyNr	gJciGsl18m5"
$> diff -U 3 user_output_test16 test16.output | cat -e

Diff OK :D
= Test 17 ==================================================
$> ./o3uzpecx1l1raapey9gh0mqk "7Qj4pyi0chlr763bB.PfcDzMbl9Ad5d7vBwWPr5UNt93TUslX 	2ZaEHTXtRPubm2KS58pAf8wsVMv4 =SAwg4	+ucvGkSQwXtndUYp0y 	2"
$> diff -U 3 user_output_test17 test17.output | cat -e

Diff OK :D
= Test 18 ==================================================
$> ./ku2qxdwn4yebyvkx9vdgy9xv "2MPFhojtUdA(z51Jd		 	"
$> diff -U 3 user_output_test18 test18.output | cat -e

Diff OK :D
= Test 19 ==================================================
$> ./foqrvp5v2i6smzmk19tx5vq0 "(AxhQw1	(QlF3qw21nZVDs;Mkyh1lKE2 ceI2ZTA 4P6lBA3jnexFEYkaG*"
$> diff -U 3 user_output_test19 test19.output | cat -e

Diff OK :D
= Test 20 ==================================================
$> ./1oumilkrf8rf8frcdu7y5i7h " @Wr9Y(VhW12rsBGzfAZq		+8ItxBTnpgSwJ6ju9.k3FXH5pa6CZNIOUe5"
$> diff -U 3 user_output_test20 test20.output | cat -e

Diff OK :D
Grade: 1

= Final grade: 1 ===============================================================
