= Host-specific information ====================================================
$> hostname; uname -msr
e4r14p2.21-school.ru
Darwin 16.7.0 x86_64
$> date
Mon Mar 18 15:46:51 MSK 2019
$> gcc --version
Configured with: --prefix=/Applications/Xcode.app/Contents/Developer/usr --with-gxx-include-dir=/usr/include/c++/4.2.1
Apple LLVM version 9.0.0 (clang-900.0.38)
Target: x86_64-apple-darwin16.7.0
Thread model: posix
InstalledDir: /Applications/Xcode.app/Contents/Developer/Toolchains/XcodeDefault.xctoolchain/usr/bin
$> clang --version
Apple LLVM version 9.0.0 (clang-900.0.38)
Target: x86_64-apple-darwin16.7.0
Thread model: posix
InstalledDir: /Applications/Xcode.app/Contents/Developer/Toolchains/XcodeDefault.xctoolchain/usr/bin

= User files collection ========================================================
Collecting user files from Vogsphere
Repository URL: auto-exam/2019/c-exam-alone-in-the-dark-beginner/practice-exam_20190318/hstiv

= Git history ==================================================================
$> git -C /var/folders/cp/yr9zm45j6477ncw6lm0ddq9m0000gq/T/tmpYOGROo/user log --pretty='%H - %an, %ad : %s'
21276cfa2235f3fe96fd1f2357dd8a97369fcde3 - Hallie Stiv, Mon Mar 18 15:46:42 2019 +0300 : wef
216d8f82243e5eca72b96de541c56435859a75b2 - Hallie Stiv, Mon Mar 18 15:07:38 2019 +0300 : wet
38ee3ef25abd5346c96158f0cab8c95f59f76115 - Hallie Stiv, Mon Mar 18 14:46:07 2019 +0300 : wrtht
 
= Collected files ==========================================
$> ls -lAR /var/folders/cp/yr9zm45j6477ncw6lm0ddq9m0000gq/T/tmpYOGROo/user
total 8
-rw-r--r--  1 deepthought  deepthought  800 Mar 18 15:46 __GIT_HISTORY
drwxr-xr-x  4 deepthought  deepthought  136 Mar 18 15:46 do_op
drwxr-xr-x  3 deepthought  deepthought  102 Mar 18 15:46 hello
drwxr-xr-x  3 deepthought  deepthought  102 Mar 18 15:46 repeat_alpha

/var/folders/cp/yr9zm45j6477ncw6lm0ddq9m0000gq/T/tmpYOGROo/user/do_op:
total 16
-rw-r--r--  1 deepthought  deepthought  1787 Mar 18 15:46 do_op.c
-rw-r--r--  1 deepthought  deepthought  1062 Mar 18 15:46 doop.h

/var/folders/cp/yr9zm45j6477ncw6lm0ddq9m0000gq/T/tmpYOGROo/user/hello:
total 8
-rw-r--r--  1 deepthought  deepthought  1145 Mar 18 15:46 hello.c

/var/folders/cp/yr9zm45j6477ncw6lm0ddq9m0000gq/T/tmpYOGROo/user/repeat_alpha:
total 8
-rw-r--r--  1 deepthought  deepthought  1433 Mar 18 15:46 repeat_alpha.c
 
= do_op ========================================================================
$> gcc -Wextra -Wall -Werror do_op.c -o user_exe 

= Test 1 ===================================================
$> ./kzoxpmbsyf1e600qnrz7y26d 
$> diff -U 3 user_output_test1 test1.output | cat -e

Diff OK :D
= Test 2 ===================================================
$> ./wxcrvm64jx9eglip0blfsgm0 "-11434" "*" "18737"
$> diff -U 3 user_output_test2 test2.output | cat -e

Diff OK :D
= Test 3 ===================================================
$> ./14zypuskrbqjzbx8p32obu1p "16574" "*" "-13223"
$> diff -U 3 user_output_test3 test3.output | cat -e

Diff OK :D
= Test 4 ===================================================
$> ./q83ckmyybcg7pzr7w65vqq21 "6060" "*" "7929"
$> diff -U 3 user_output_test4 test4.output | cat -e

Diff OK :D
= Test 5 ===================================================
$> ./9dqcj3rnv3r05t72zb3b0myd "10953" "*" "9762"
$> diff -U 3 user_output_test5 test5.output | cat -e

Diff OK :D
= Test 6 ===================================================
$> ./w5qrs06dzlbbw1b2tkrkb4z5 "11926" "+" "-18672"
$> diff -U 3 user_output_test6 test6.output | cat -e

Diff OK :D
= Test 7 ===================================================
$> ./5ez4nnw05ljibvcagm6gxte9 "8426" "+" "7793"
$> diff -U 3 user_output_test7 test7.output | cat -e

Diff OK :D
= Test 8 ===================================================
$> ./2ex97utp6d5sns4f3zsmlqga "-16476" "+" "1405"
$> diff -U 3 user_output_test8 test8.output | cat -e

Diff OK :D
= Test 9 ===================================================
$> ./6b2dhbd7eni5ot7xbvpteqh3 "-14505" "+" "9444"
$> diff -U 3 user_output_test9 test9.output | cat -e

Diff OK :D
= Test 10 ==================================================
$> ./6ywi1q9rx4ut5m7fj0tr70s1 "-15871" "+" "-7074"
$> diff -U 3 user_output_test10 test10.output | cat -e

Diff OK :D
= Test 11 ==================================================
$> ./ybi0t20ufh0g14vsbfr0vk3v "-18467" "+" "1394"
$> diff -U 3 user_output_test11 test11.output | cat -e

Diff OK :D
= Test 12 ==================================================
$> ./iresueudqwo04qb4tu8z2gjk "15535" "+" "10759"
$> diff -U 3 user_output_test12 test12.output | cat -e

Diff OK :D
= Test 13 ==================================================
$> ./tu0i5o2o8xp53x2vuwes228m "-13594" "-" "-17560"
$> diff -U 3 user_output_test13 test13.output | cat -e

Diff OK :D
= Test 14 ==================================================
$> ./4ywqqx01zpqwq3qg7b4b8dhl "-17085" "-" "14031"
$> diff -U 3 user_output_test14 test14.output | cat -e

Diff OK :D
= Test 15 ==================================================
$> ./2c6yosrn7bwwm3jvocrga14k "6203" "-" "-18140"
$> diff -U 3 user_output_test15 test15.output | cat -e

Diff OK :D
= Test 16 ==================================================
$> ./is4eqbus6h1h3tdzpkgag5qy "-9956" "-" "-18290"
$> diff -U 3 user_output_test16 test16.output | cat -e

Diff OK :D
= Test 17 ==================================================
$> ./dgdhaxgr1qhy42yma9bvwfry "14694" "-" "-6264"
$> diff -U 3 user_output_test17 test17.output | cat -e

Diff OK :D
= Test 18 ==================================================
$> ./edy9aass77sidqv8k7mkixgf "11338" "/" "-2270"
$> diff -U 3 user_output_test18 test18.output | cat -e

Diff OK :D
= Test 19 ==================================================
$> ./o6cahbylv24z5rbl0uikbmfa "-7561" "/" "13548"
$> diff -U 3 user_output_test19 test19.output | cat -e

Diff OK :D
= Test 20 ==================================================
$> ./byoi0dlzv4v0e1jxx59umihs "-15505" "/" "-7382"
$> diff -U 3 user_output_test20 test20.output | cat -e

Diff OK :D
= Test 21 ==================================================
$> ./j4wgiidkfzp9lphxkttcxnmj "8660" "/" "-16730"
$> diff -U 3 user_output_test21 test21.output | cat -e

Diff OK :D
= Test 22 ==================================================
$> ./ozdeopb71m1g13tm2jqr3etp "7657" "/" "-706"
$> diff -U 3 user_output_test22 test22.output | cat -e

Diff OK :D
= Test 23 ==================================================
$> ./ejulh5lnens9kgngckuygm7l "-14697" "/" "-17505"
$> diff -U 3 user_output_test23 test23.output | cat -e

Diff OK :D
= Test 24 ==================================================
$> ./wn2jefjdc4pe5sbxikxzonqw "326630" "%" "136191"
$> diff -U 3 user_output_test24 test24.output | cat -e

Diff OK :D
= Test 25 ==================================================
$> ./4fcqcv7frgjuuiploklx80de "279069" "%" "288159"
$> diff -U 3 user_output_test25 test25.output | cat -e

Diff OK :D
= Test 26 ==================================================
$> ./yxzhp6j2862tv6n58ejwwz8c "93889" "%" "91857"
$> diff -U 3 user_output_test26 test26.output | cat -e

Diff OK :D
= Test 27 ==================================================
$> ./ousz2uyls3dbse4qjl9ajv5i "356661" "%" "7125"
$> diff -U 3 user_output_test27 test27.output | cat -e

Diff OK :D
= Test 28 ==================================================
$> ./r1qos5ldseht4piqc3g1j7a2 "12" "*" "1" "12"
$> diff -U 3 user_output_test28 test28.output | cat -e

Diff OK :D
Grade: 1

= Final grade: 1 ===============================================================
