= Host-specific information ====================================================
$> hostname; uname -msr
e1r8p4.21-school.ru
Darwin 16.7.0 x86_64
$> date
Mon Mar 18 16:16:04 MSK 2019
$> gcc --version
Configured with: --prefix=/Applications/Xcode.app/Contents/Developer/usr --with-gxx-include-dir=/usr/include/c++/4.2.1
Apple LLVM version 9.0.0 (clang-900.0.38)
Target: x86_64-apple-darwin16.7.0
Thread model: posix
InstalledDir: /Applications/Xcode.app/Contents/Developer/Toolchains/XcodeDefault.xctoolchain/usr/bin
$> clang --version
Apple LLVM version 9.0.0 (clang-900.0.38)
Target: x86_64-apple-darwin16.7.0
Thread model: posix
InstalledDir: /Applications/Xcode.app/Contents/Developer/Toolchains/XcodeDefault.xctoolchain/usr/bin

= User files collection ========================================================
Collecting user files from Vogsphere
Repository URL: auto-exam/2019/c-exam-alone-in-the-dark-beginner/practice-exam_20190318/hstiv

= Git history ==================================================================
$> git -C /var/folders/q5/m22nxb9167726d7vqj502dl00000gq/T/tmpLa9ohj/user log --pretty='%H - %an, %ad : %s'
8fce0ccf1a2e3096680e9b4674ee768938685ec3 - Hallie Stiv, Mon Mar 18 16:15:53 2019 +0300 : erhr
21276cfa2235f3fe96fd1f2357dd8a97369fcde3 - Hallie Stiv, Mon Mar 18 15:46:42 2019 +0300 : wef
216d8f82243e5eca72b96de541c56435859a75b2 - Hallie Stiv, Mon Mar 18 15:07:38 2019 +0300 : wet
38ee3ef25abd5346c96158f0cab8c95f59f76115 - Hallie Stiv, Mon Mar 18 14:46:07 2019 +0300 : wrtht
 
= Collected files ==========================================
$> ls -lAR /var/folders/q5/m22nxb9167726d7vqj502dl00000gq/T/tmpLa9ohj/user
total 8
-rw-r--r--  1 deepthought  deepthought  1061 Mar 18 16:16 __GIT_HISTORY
drwxr-xr-x  4 deepthought  deepthought   136 Mar 18 16:16 do_op
drwxr-xr-x  3 deepthought  deepthought   102 Mar 18 16:16 ft_range
drwxr-xr-x  3 deepthought  deepthought   102 Mar 18 16:16 hello
drwxr-xr-x  3 deepthought  deepthought   102 Mar 18 16:16 repeat_alpha

/var/folders/q5/m22nxb9167726d7vqj502dl00000gq/T/tmpLa9ohj/user/do_op:
total 16
-rw-r--r--  1 deepthought  deepthought  1787 Mar 18 16:16 do_op.c
-rw-r--r--  1 deepthought  deepthought  1062 Mar 18 16:16 doop.h

/var/folders/q5/m22nxb9167726d7vqj502dl00000gq/T/tmpLa9ohj/user/ft_range:
total 8
-rw-r--r--  1 deepthought  deepthought  1444 Mar 18 16:16 ft_range.c

/var/folders/q5/m22nxb9167726d7vqj502dl00000gq/T/tmpLa9ohj/user/hello:
total 8
-rw-r--r--  1 deepthought  deepthought  1145 Mar 18 16:16 hello.c

/var/folders/q5/m22nxb9167726d7vqj502dl00000gq/T/tmpLa9ohj/user/repeat_alpha:
total 8
-rw-r--r--  1 deepthought  deepthought  1433 Mar 18 16:16 repeat_alpha.c
 
= ft_range =====================================================================
$> gcc -Wextra -Wall -Werror main.c ft_range.c -o user_exe 

= Test 1 ===================================================
$> ./udzrybl7dxkmho4hg5rhrc9w 
$> diff -U 3 user_output_test1 test1.output | cat -e

Diff OK :D
= Test 2 ===================================================
$> ./rf0axt6nu1u55kj8nyqovqpn "21" "2313" "12"
$> diff -U 3 user_output_test2 test2.output | cat -e

Diff OK :D
= Test 3 ===================================================
$> ./gdkmlt3h0srgtyzvzt3i2j5a "2147483647" "2147483640" "7"
Command './gdkmlt3h0srgtyzvzt3i2j5a "2147483647" "2147483640" "7"' timed out after 10 seconds
Grade: 0

= Final grade: 0 ===============================================================
