= Host-specific information ====================================================
$> hostname; uname -msr
e3r1p10.21-school.ru
Darwin 16.7.0 x86_64
$> date
Mon Mar 18 17:24:13 MSK 2019
$> gcc --version
Configured with: --prefix=/Applications/Xcode.app/Contents/Developer/usr --with-gxx-include-dir=/usr/include/c++/4.2.1
Apple LLVM version 9.0.0 (clang-900.0.38)
Target: x86_64-apple-darwin16.7.0
Thread model: posix
InstalledDir: /Applications/Xcode.app/Contents/Developer/Toolchains/XcodeDefault.xctoolchain/usr/bin
$> clang --version
Apple LLVM version 9.0.0 (clang-900.0.38)
Target: x86_64-apple-darwin16.7.0
Thread model: posix
InstalledDir: /Applications/Xcode.app/Contents/Developer/Toolchains/XcodeDefault.xctoolchain/usr/bin

= User files collection ========================================================
Collecting user files from Vogsphere
Repository URL: auto-exam/2019/c-exam-alone-in-the-dark-beginner/practice-exam_20190318/hstiv

= Git history ==================================================================
$> git -C /var/folders/md/y_zqf2t12d92h599vbj8pj_80000gq/T/tmpZRNafu/user log --pretty='%H - %an, %ad : %s'
5b3d7183a7be50c702682eabb70fe34efc49e495 - Hallie Stiv, Mon Mar 18 17:11:05 2019 +0300 : gew4
8fce0ccf1a2e3096680e9b4674ee768938685ec3 - Hallie Stiv, Mon Mar 18 16:15:53 2019 +0300 : erhr
21276cfa2235f3fe96fd1f2357dd8a97369fcde3 - Hallie Stiv, Mon Mar 18 15:46:42 2019 +0300 : wef
216d8f82243e5eca72b96de541c56435859a75b2 - Hallie Stiv, Mon Mar 18 15:07:38 2019 +0300 : wet
38ee3ef25abd5346c96158f0cab8c95f59f76115 - Hallie Stiv, Mon Mar 18 14:46:07 2019 +0300 : wrtht
 
= Collected files ==========================================
$> ls -lAR /var/folders/md/y_zqf2t12d92h599vbj8pj_80000gq/T/tmpZRNafu/user
total 8
-rw-r--r--  1 deepthought  deepthought  1322 Mar 18 17:24 __GIT_HISTORY
drwxr-xr-x  3 deepthought  deepthought   102 Mar 18 17:24 add_prime_sum
drwxr-xr-x  4 deepthought  deepthought   136 Mar 18 17:24 do_op
drwxr-xr-x  3 deepthought  deepthought   102 Mar 18 17:24 ft_range
drwxr-xr-x  3 deepthought  deepthought   102 Mar 18 17:24 hello
drwxr-xr-x  3 deepthought  deepthought   102 Mar 18 17:24 repeat_alpha

/var/folders/md/y_zqf2t12d92h599vbj8pj_80000gq/T/tmpZRNafu/user/add_prime_sum:
total 8
-rw-r--r--  1 deepthought  deepthought  1733 Mar 18 17:24 add_prime_sum.c

/var/folders/md/y_zqf2t12d92h599vbj8pj_80000gq/T/tmpZRNafu/user/do_op:
total 16
-rw-r--r--  1 deepthought  deepthought  1787 Mar 18 17:24 do_op.c
-rw-r--r--  1 deepthought  deepthought  1062 Mar 18 17:24 doop.h

/var/folders/md/y_zqf2t12d92h599vbj8pj_80000gq/T/tmpZRNafu/user/ft_range:
total 8
-rw-r--r--  1 deepthought  deepthought  1444 Mar 18 17:24 ft_range.c

/var/folders/md/y_zqf2t12d92h599vbj8pj_80000gq/T/tmpZRNafu/user/hello:
total 8
-rw-r--r--  1 deepthought  deepthought  1145 Mar 18 17:24 hello.c

/var/folders/md/y_zqf2t12d92h599vbj8pj_80000gq/T/tmpZRNafu/user/repeat_alpha:
total 8
-rw-r--r--  1 deepthought  deepthought  1433 Mar 18 17:24 repeat_alpha.c
 
= ft_itoa_base =================================================================
Nothing turned in
Grade: 0

= Final grade: 0 ===============================================================
