= Host-specific information ====================================================
$> hostname; uname -msr
e1r1p2.21-school.ru
Darwin 16.7.0 x86_64
$> date
Mon Mar 18 17:50:32 MSK 2019
$> gcc --version
Configured with: --prefix=/Applications/Xcode.app/Contents/Developer/usr --with-gxx-include-dir=/usr/include/c++/4.2.1
Apple LLVM version 9.0.0 (clang-900.0.38)
Target: x86_64-apple-darwin16.7.0
Thread model: posix
InstalledDir: /Applications/Xcode.app/Contents/Developer/Toolchains/XcodeDefault.xctoolchain/usr/bin
$> clang --version
Apple LLVM version 9.0.0 (clang-900.0.38)
Target: x86_64-apple-darwin16.7.0
Thread model: posix
InstalledDir: /Applications/Xcode.app/Contents/Developer/Toolchains/XcodeDefault.xctoolchain/usr/bin

= User files collection ========================================================
Collecting user files from Vogsphere
Repository URL: auto-exam/2019/c-exam-alone-in-the-dark-beginner/practice-exam_20190318/hstiv

= Git history ==================================================================
$> git -C /var/folders/j6/d2_1dwvj1p3d8lyl3ct5j5580000gq/T/tmpZoSlRo/user log --pretty='%H - %an, %ad : %s'
2b92180c62df1815d1f76c99e9900098a44c5c61 - Hallie Stiv, Mon Mar 18 17:50:17 2019 +0300 : ewg
5b3d7183a7be50c702682eabb70fe34efc49e495 - Hallie Stiv, Mon Mar 18 17:11:05 2019 +0300 : gew4
8fce0ccf1a2e3096680e9b4674ee768938685ec3 - Hallie Stiv, Mon Mar 18 16:15:53 2019 +0300 : erhr
21276cfa2235f3fe96fd1f2357dd8a97369fcde3 - Hallie Stiv, Mon Mar 18 15:46:42 2019 +0300 : wef
216d8f82243e5eca72b96de541c56435859a75b2 - Hallie Stiv, Mon Mar 18 15:07:38 2019 +0300 : wet
38ee3ef25abd5346c96158f0cab8c95f59f76115 - Hallie Stiv, Mon Mar 18 14:46:07 2019 +0300 : wrtht
 
= Collected files ==========================================
$> ls -lAR /var/folders/j6/d2_1dwvj1p3d8lyl3ct5j5580000gq/T/tmpZoSlRo/user
total 8
-rw-r--r--  1 deepthought  deepthought  1569 Mar 18 17:50 __GIT_HISTORY
drwxr-xr-x  3 deepthought  deepthought   102 Mar 18 17:50 add_prime_sum
drwxr-xr-x  4 deepthought  deepthought   136 Mar 18 17:50 do_op
drwxr-xr-x  3 deepthought  deepthought   102 Mar 18 17:50 ft_range
drwxr-xr-x  3 deepthought  deepthought   102 Mar 18 17:50 hello
drwxr-xr-x  3 deepthought  deepthought   102 Mar 18 17:50 repeat_alpha
drwxr-xr-x  3 deepthought  deepthought   102 Mar 18 17:50 sort_list

/var/folders/j6/d2_1dwvj1p3d8lyl3ct5j5580000gq/T/tmpZoSlRo/user/add_prime_sum:
total 8
-rw-r--r--  1 deepthought  deepthought  1733 Mar 18 17:50 add_prime_sum.c

/var/folders/j6/d2_1dwvj1p3d8lyl3ct5j5580000gq/T/tmpZoSlRo/user/do_op:
total 16
-rw-r--r--  1 deepthought  deepthought  1787 Mar 18 17:50 do_op.c
-rw-r--r--  1 deepthought  deepthought  1062 Mar 18 17:50 doop.h

/var/folders/j6/d2_1dwvj1p3d8lyl3ct5j5580000gq/T/tmpZoSlRo/user/ft_range:
total 8
-rw-r--r--  1 deepthought  deepthought  1444 Mar 18 17:50 ft_range.c

/var/folders/j6/d2_1dwvj1p3d8lyl3ct5j5580000gq/T/tmpZoSlRo/user/hello:
total 8
-rw-r--r--  1 deepthought  deepthought  1145 Mar 18 17:50 hello.c

/var/folders/j6/d2_1dwvj1p3d8lyl3ct5j5580000gq/T/tmpZoSlRo/user/repeat_alpha:
total 8
-rw-r--r--  1 deepthought  deepthought  1433 Mar 18 17:50 repeat_alpha.c

/var/folders/j6/d2_1dwvj1p3d8lyl3ct5j5580000gq/T/tmpZoSlRo/user/sort_list:
total 8
-rw-r--r--  1 deepthought  deepthought  1264 Mar 18 17:50 sort_list.c
 
= sort_list ====================================================================
$> gcc -Wextra -Wall -Werror sort_list.c main.c -o user_exe 
sort_list.c:21:22: error: use of undeclared identifier 'NULL'
        while (lst->next != NULL)
                            ^
sort_list.c:33:10: error: expression result unused [-Werror,-Wunused-value]
                        begin - lst;
                        ~~~~~ ^ ~~~
2 errors generated.

Could not compile 'user_exe'
Grade: 0

= Final grade: 0 ===============================================================
